writeCommonTags: couldn't write 'track' tag to '00--New/Jesse Stewart/Jesse Stewart - Broke In Half (Donnie Dumphy Cover).m4a' as it's not a positive integer
writeCommonTags: couldn't write 'track' tag to '00--New/Jesse Stewart/Jesse Stewart - Mountain Dew.m4a' as it's not a positive integer
writeCommonTags: couldn't write 'track' tag to '00--New/Jesse Stewart/Jesse Stewart - Reckoning Song (Asaf Avidan Cover).m4a' as it's not a positive integer
TagLib: ID3v2.4 no longer supports the frame type TDAT.  It will be discarded from the tag.
TagLib: ID3v2.4 no longer supports the frame type TDAT.  It will be discarded from the tag.
TagLib: ID3v2.4 no longer supports the frame type TDAT.  It will be discarded from the tag.
TagLib: ID3v2.4 no longer supports the frame type TDAT.  It will be discarded from the tag.
TagLib: ID3v2.4 no longer supports the frame type TDAT.  It will be discarded from the tag.
TagLib: ID3v2.4 no longer supports the frame type TDAT.  It will be discarded from the tag.
TagLib: ID3v2.4 no longer supports the frame type TDAT.  It will be discarded from the tag.
TagLib: ID3v2.4 no longer supports the frame type TDAT.  It will be discarded from the tag.
TagLib: ID3v2.4 no longer supports the frame type TDAT.  It will be discarded from the tag.
TagLib: ID3v2.4 no longer supports the frame type TDAT.  It will be discarded from the tag.
TagLib: ID3v2.4 no longer supports the frame type TDAT.  It will be discarded from the tag.
TagLib: ID3v2.4 no longer supports the frame type TDAT.  It will be discarded from the tag.
TagLib: ID3v2.4 no longer supports the frame type TDAT.  It will be discarded from the tag.
TagLib: FLAC::File::scan() -- FLAC stream not found
TagLib: FLAC::File::scan() -- FLAC stream not found
TagLib: A picture frame must contain at least 5 bytes.
TagLib: A picture frame must contain at least 5 bytes.
TagLib: A picture frame must contain at least 5 bytes.
TagLib: A picture frame must contain at least 5 bytes.
TagLib: A picture frame must contain at least 5 bytes.
TagLib: ID3v2::Tag::read() - Duplicate ID3v2 tags found.
TagLib: ID3v2::Tag::read() - Duplicate ID3v2 tags found.
TagLib: ID3v2::Tag::read() - Duplicate ID3v2 tags found.
TagLib: ID3v2::Tag::read() - Duplicate ID3v2 tags found.
TagLib: ID3v2::Tag::read() - Duplicate ID3v2 tags found.
TagLib: ID3v2::Tag::read() - Duplicate ID3v2 tags found.
TagLib: ID3v2::Tag::read() - Duplicate ID3v2 tags found.
TagLib: ID3v2::Tag::read() - Duplicate ID3v2 tags found.
TagLib: ID3v2::Tag::read() - Duplicate ID3v2 tags found.
TagLib: ID3v2::Tag::read() - Duplicate ID3v2 tags found.
TagLib: ID3v2::Tag::read() - Duplicate ID3v2 tags found.
TagLib: ID3v2::Tag::read() - Duplicate ID3v2 tags found.
TagLib: ID3v2::Tag::read() - Duplicate ID3v2 tags found.
TagLib: ID3v2::Tag::read() - Duplicate ID3v2 tags found.
TagLib: ID3v2::Tag::read() - Duplicate ID3v2 tags found.
TagLib: ID3v2::Tag::read() - Duplicate ID3v2 tags found.
TagLib: ID3v2::Tag::read() - Duplicate ID3v2 tags found.
TagLib: ID3v2::Tag::read() - Duplicate ID3v2 tags found.
TagLib: ID3v2::Tag::read() - Duplicate ID3v2 tags found.
TagLib: ID3v2::Tag::read() - Duplicate ID3v2 tags found.
TagLib: ID3v2::Tag::read() - Duplicate ID3v2 tags found.
TagLib: ID3v2::Tag::read() - Duplicate ID3v2 tags found.
TagLib: ID3v2::Tag::read() - Duplicate ID3v2 tags found.
TagLib: ID3v2::Tag::read() - Duplicate ID3v2 tags found.
writeCommonTags: couldn't write 'year' tag to '0000--New--0000/00--TO SORT/Misc_/Abigail Washburn - City of Refuge-5rDrPBzJo5o.m4a' as it's not a positive integer
writeCommonTags: couldn't write 'track' tag to '0000--New--0000/00--TO SORT/Misc_/Abigail Washburn - City of Refuge-5rDrPBzJo5o.m4a' as it's not a positive integer
TagLib: String::copyFromUTF8() - UTF8-CPP error: Not enough space
TagLib: ID3v2.4 no longer supports the frame type RVAD.  It will be discarded from the tag.
TagLib: ID3v2.4 no longer supports the frame type RVAD.  It will be discarded from the tag.
TagLib: ID3v2.4 no longer supports the frame type RVAD.  It will be discarded from the tag.
TagLib: ID3v2.4 no longer supports the frame type RVAD.  It will be discarded from the tag.
TagLib: ID3v2.4 no longer supports the frame type RVAD.  It will be discarded from the tag.
TagLib: ID3v2.4 no longer supports the frame type RVAD.  It will be discarded from the tag.
TagLib: ID3v2.4 no longer supports the frame type RVAD.  It will be discarded from the tag.
TagLib: ID3v2.4 no longer supports the frame type RVAD.  It will be discarded from the tag.
TagLib: ID3v2.4 no longer supports the frame type RVAD.  It will be discarded from the tag.
TagLib: ID3v2.4 no longer supports the frame type RVAD.  It will be discarded from the tag.
TagLib: ID3v2.4 no longer supports the frame type RVAD.  It will be discarded from the tag.
TagLib: ID3v2.4 no longer supports the frame type RVAD.  It will be discarded from the tag.
TagLib: ID3v2.4 no longer supports the frame type RVAD.  It will be discarded from the tag.
